10:32:45.217  [INFO ] e.v.s.m.MainApp msg: Bootstrapping the application...
10:34:33.837  [INFO ] e.v.s.m.MainApp msg: Bootstrapping the application...
10:35:00.174  [INFO ] e.v.s.m.MainApp msg: Bootstrapping the application...
10:35:30.446  [INFO ] e.v.s.m.MainApp msg: Bootstrapping the application...
10:40:26.497  [INFO ] e.v.s.m.MainApp msg: Bootstrapping the application...
10:40:46.093  [INFO ] e.v.s.m.MainApp msg: Bootstrapping the application...
10:41:16.542  [INFO ] e.v.s.m.MainApp msg: Bootstrapping the application...
10:43:19.964  [INFO ] e.v.s.m.MainApp msg: Bootstrapping the application...
10:44:15.529  [INFO ] e.v.s.m.MainApp msg: Bootstrapping the application...
10:45:36.673  [INFO ] e.v.s.m.MainApp msg: Bootstrapping the application...
10:47:32.920  [INFO ] e.v.s.m.MainApp msg: Bootstrapping the application...
10:48:57.404  [INFO ] e.v.s.m.MainApp msg: Bootstrapping the application...
10:51:29.143  [INFO ] e.v.s.m.MainApp msg: Bootstrapping the application...
10:55:22.982  [INFO ] e.v.s.m.MainApp msg: Bootstrapping the application...
10:56:03.322  [INFO ] e.v.s.m.MainApp msg: Bootstrapping the application...
10:56:18.970  [INFO ] e.v.s.m.MainApp msg: Bootstrapping the application...
10:56:43.870  [INFO ] e.v.s.m.MainApp msg: Bootstrapping the application...
10:58:46.585  [INFO ] e.v.s.m.MainApp msg: Bootstrapping the application...
10:58:59.724  [INFO ] e.v.s.m.MainApp msg: Bootstrapping the application...
10:59:52.537  [INFO ] e.v.s.m.MainApp msg: Bootstrapping the application...
11:01:14.882  [INFO ] e.v.s.m.MainApp msg: Bootstrapping the application...
11:01:23.926  [INFO ] e.v.s.m.MainApp msg: Bootstrapping the application...
11:01:52.652  [INFO ] e.v.s.m.MainApp msg: Bootstrapping the application...
11:02:18.428  [INFO ] e.v.s.m.MainApp msg: Bootstrapping the application...
11:02:38.633  [INFO ] e.v.s.m.MainApp msg: Bootstrapping the application...
11:04:47.200  [INFO ] e.v.s.m.MainApp msg: Bootstrapping the application...
11:04:56.373  [INFO ] e.v.s.m.MainApp msg: Bootstrapping the application...
11:06:10.041  [INFO ] e.v.s.m.MainApp msg: Bootstrapping the application...
11:06:30.535  [INFO ] e.v.s.m.MainApp msg: Bootstrapping the application...
11:06:52.043  [INFO ] e.v.s.m.MainApp msg: Bootstrapping the application...
11:07:01.250  [INFO ] e.v.s.m.MainApp msg: Bootstrapping the application...
11:07:34.976  [INFO ] e.v.s.m.MainApp msg: Bootstrapping the application...
11:07:45.063  [INFO ] e.v.s.m.MainApp msg: Bootstrapping the application...
11:08:08.490  [INFO ] e.v.s.m.MainApp msg: Bootstrapping the application...
11:08:58.522  [INFO ] e.v.s.m.MainApp msg: Bootstrapping the application...
11:09:38.229  [INFO ] e.v.s.m.MainApp msg: Bootstrapping the application...
11:10:10.070  [INFO ] e.v.s.m.MainApp msg: Bootstrapping the application...
11:11:11.480  [INFO ] e.v.s.m.MainApp msg: Bootstrapping the application...
11:17:17.195  [INFO ] e.v.s.m.MainApp msg: Bootstrapping the application...
11:17:58.817  [INFO ] e.v.s.m.MainApp msg: Bootstrapping the application...
11:18:16.538  [INFO ] e.v.s.m.MainApp msg: Bootstrapping the application...
11:18:45.428  [INFO ] e.v.s.m.MainApp msg: Bootstrapping the application...
11:19:31.835  [INFO ] e.v.s.m.MainApp msg: Bootstrapping the application...
11:19:37.530  [INFO ] e.v.s.m.MainApp msg: Bootstrapping the application...
11:19:44.969  [INFO ] e.v.s.m.MainApp msg: Bootstrapping the application...
11:19:53.609  [INFO ] e.v.s.m.MainApp msg: Bootstrapping the application...
11:21:34.545  [INFO ] e.v.s.m.MainApp msg: Bootstrapping the application...
11:21:40.406  [INFO ] e.v.s.m.MainApp msg: Bootstrapping the application...
11:23:40.888  [INFO ] e.v.s.m.MainApp msg: Bootstrapping the application...
11:24:16.224  [INFO ] e.v.s.m.MainApp msg: Bootstrapping the application...
11:25:09.828  [INFO ] e.v.s.m.MainApp msg: Bootstrapping the application...
11:25:28.584  [INFO ] e.v.s.m.MainApp msg: Bootstrapping the application...
11:26:08.389  [INFO ] e.v.s.m.MainApp msg: Bootstrapping the application...
11:26:54.639  [INFO ] e.v.s.m.MainApp msg: Bootstrapping the application...
11:27:25.633  [INFO ] e.v.s.m.MainApp msg: Bootstrapping the application...
11:27:38.914  [INFO ] e.v.s.m.MainApp msg: Bootstrapping the application...
11:32:33.815  [INFO ] e.v.s.m.MainApp msg: Bootstrapping the application...
11:35:06.926  [INFO ] e.v.s.m.MainApp msg: Bootstrapping the application...
11:35:12.784  [INFO ] e.v.s.m.MainApp msg: Bootstrapping the application...
<<<<<<< HEAD
<<<<<<< HEAD
08:01:11.389  [INFO ] e.v.s.m.MainApp msg: Bootstrapping the application...
08:04:39.636  [INFO ] e.v.s.m.MainApp msg: Bootstrapping the application...
08:04:49.284  [INFO ] e.v.s.m.MainApp msg: Bootstrapping the application...
08:04:58.229  [INFO ] e.v.s.m.MainApp msg: Bootstrapping the application...
08:15:51.065  [INFO ] e.v.s.m.MainApp msg: Bootstrapping the application...
08:17:53.056  [INFO ] e.v.s.m.MainApp msg: Bootstrapping the application...
08:19:42.840  [INFO ] e.v.s.m.MainApp msg: Bootstrapping the application...
08:22:19.287  [INFO ] e.v.s.m.MainApp msg: Bootstrapping the application...
08:23:03.937  [INFO ] e.v.s.m.MainApp msg: Bootstrapping the application...
08:23:18.440  [INFO ] e.v.s.m.MainApp msg: Bootstrapping the application...
08:27:52.452  [INFO ] e.v.s.m.MainApp msg: Bootstrapping the application...
08:32:11.134  [INFO ] e.v.s.m.MainApp msg: Bootstrapping the application...
08:32:23.700  [INFO ] e.v.s.m.MainApp msg: Bootstrapping the application...
08:35:12.177  [INFO ] e.v.s.m.MainApp msg: Bootstrapping the application...
08:36:15.937  [INFO ] e.v.s.m.MainApp msg: Bootstrapping the application...
08:39:26.191  [INFO ] e.v.s.m.MainApp msg: Bootstrapping the application...
08:44:54.444  [INFO ] e.v.s.m.MainApp msg: Bootstrapping the application...
08:46:11.549  [INFO ] e.v.s.m.MainApp msg: Bootstrapping the application...
08:49:21.234  [INFO ] e.v.s.m.MainApp msg: Bootstrapping the application...
08:51:23.690  [INFO ] e.v.s.m.MainApp msg: Bootstrapping the application...
08:52:13.888  [INFO ] e.v.s.m.MainApp msg: Bootstrapping the application...
08:52:22.476  [INFO ] e.v.s.m.MainApp msg: Bootstrapping the application...
08:52:48.871  [INFO ] e.v.s.m.MainApp msg: Bootstrapping the application...
08:54:01.164  [INFO ] e.v.s.m.MainApp msg: Bootstrapping the application...
08:56:24.470  [INFO ] e.v.s.m.MainApp msg: Bootstrapping the application...
08:57:26.639  [INFO ] e.v.s.m.MainApp msg: Bootstrapping the application...
08:58:13.445  [INFO ] e.v.s.m.MainApp msg: Bootstrapping the application...
08:58:39.654  [INFO ] e.v.s.m.MainApp msg: Bootstrapping the application...
09:00:00.575  [INFO ] e.v.s.m.MainApp msg: Bootstrapping the application...
09:00:34.650  [INFO ] e.v.s.m.MainApp msg: Bootstrapping the application...
09:04:25.938  [INFO ] e.v.s.m.MainApp msg: Bootstrapping the application...
09:05:42.228  [INFO ] e.v.s.m.MainApp msg: Bootstrapping the application...
09:08:42.072  [INFO ] e.v.s.m.MainApp msg: Bootstrapping the application...
09:09:47.390  [INFO ] e.v.s.m.MainApp msg: Bootstrapping the application...
09:11:05.097  [INFO ] e.v.s.m.MainApp msg: Bootstrapping the application...
09:11:27.958  [INFO ] e.v.s.m.MainApp msg: Bootstrapping the application...
09:12:30.420  [INFO ] e.v.s.m.MainApp msg: Bootstrapping the application...
09:12:40.306  [INFO ] e.v.s.m.MainApp msg: Bootstrapping the application...
09:13:13.455  [INFO ] e.v.s.m.MainApp msg: Bootstrapping the application...
09:13:48.559  [INFO ] e.v.s.m.MainApp msg: Bootstrapping the application...
=======
08:45:09.458  [INFO ] e.v.s.m.MainApp msg: Bootstrapping the application...
08:45:28.255  [INFO ] e.v.s.m.MainApp msg: Bootstrapping the application...
08:46:05.260  [INFO ] e.v.s.m.MainApp msg: Bootstrapping the application...
08:46:22.404  [INFO ] e.v.s.m.MainApp msg: Bootstrapping the application...
08:46:46.663  [INFO ] e.v.s.m.MainApp msg: Bootstrapping the application...
08:47:03.235  [INFO ] e.v.s.m.MainApp msg: Bootstrapping the application...
>>>>>>> 978af8c57d1e261ebf7f9ded552fd6cf0538278d
=======
08:19:48.474  [INFO ] e.v.s.m.MainApp msg: Bootstrapping the application...
08:22:42.967  [INFO ] e.v.s.m.MainApp msg: Bootstrapping the application...
08:24:58.012  [INFO ] e.v.s.m.MainApp msg: Bootstrapping the application...
08:27:38.973  [INFO ] e.v.s.m.MainApp msg: Bootstrapping the application...
08:57:49.799  [INFO ] e.v.s.m.MainApp msg: Bootstrapping the application...
08:59:45.498  [INFO ] e.v.s.m.MainApp msg: Bootstrapping the application...
09:01:26.507  [INFO ] e.v.s.m.MainApp msg: Bootstrapping the application...
09:04:34.509  [INFO ] e.v.s.m.MainApp msg: Bootstrapping the application...
09:04:46.972  [INFO ] e.v.s.m.MainApp msg: Bootstrapping the application...
09:05:39.387  [INFO ] e.v.s.m.MainApp msg: Bootstrapping the application...
09:05:48.215  [INFO ] e.v.s.m.MainApp msg: Bootstrapping the application...
09:07:15.880  [INFO ] e.v.s.m.MainApp msg: Bootstrapping the application...
09:07:47.509  [INFO ] e.v.s.m.MainApp msg: Bootstrapping the application...
09:08:27.244  [INFO ] e.v.s.m.MainApp msg: Bootstrapping the application...
>>>>>>> 31b49f5d0debd70c6b3fe3dcf34a4594e8c90644
<<<<<<< HEAD
09:16:05.060  [INFO ] e.v.s.m.MainApp msg: Bootstrapping the application...
09:16:53.063  [INFO ] e.v.s.m.MainApp msg: Bootstrapping the application...
09:18:26.563  [INFO ] e.v.s.m.MainApp msg: Bootstrapping the application...
09:18:37.701  [INFO ] e.v.s.m.MainApp msg: Bootstrapping the application...
09:18:57.724  [INFO ] e.v.s.m.MainApp msg: Bootstrapping the application...
09:19:40.165  [INFO ] e.v.s.m.MainApp msg: Bootstrapping the application...
09:21:49.049  [INFO ] e.v.s.m.MainApp msg: Bootstrapping the application...
09:31:30.963  [INFO ] e.v.s.m.MainApp msg: Bootstrapping the application...
09:33:06.805  [INFO ] e.v.s.m.MainApp msg: Bootstrapping the application...
09:35:01.136  [INFO ] e.v.s.m.MainApp msg: Bootstrapping the application...
=======
>>>>>>> 978af8c57d1e261ebf7f9ded552fd6cf0538278d
11:30:03.064  [INFO ] e.v.s.m.MainApp msg: Bootstrapping the application...
11:32:44.475  [INFO ] e.v.s.m.MainApp msg: Bootstrapping the application...
11:34:39.883  [INFO ] e.v.s.m.MainApp msg: Bootstrapping the application...
11:35:40.501  [INFO ] e.v.s.m.MainApp msg: Bootstrapping the application...
11:38:03.958  [INFO ] e.v.s.m.MainApp msg: Bootstrapping the application...
11:38:04.099  [ERROR] e.v.s.m.MainApp msg: 
/C:/Users/2276884/Downloads/self-driving-car/build/resources/main/fxml/MainApp_layout.fxml

javafx.fxml.LoadException: 
/C:/Users/2276884/Downloads/self-driving-car/build/resources/main/fxml/MainApp_layout.fxml

	at javafx.fxml@20.0.2/javafx.fxml.FXMLLoader.constructLoadException(FXMLLoader.java:2722)
	at javafx.fxml@20.0.2/javafx.fxml.FXMLLoader.loadImpl(FXMLLoader.java:2692)
	at javafx.fxml@20.0.2/javafx.fxml.FXMLLoader.loadImpl(FXMLLoader.java:2563)
	at javafx.fxml@20.0.2/javafx.fxml.FXMLLoader.load(FXMLLoader.java:2531)
	at edu.vanier.selfdriving.main.MainApp.start(MainApp.java:38)
	at javafx.graphics@20.0.2/com.sun.javafx.application.LauncherImpl.lambda$launchApplication1$9(LauncherImpl.java:839)
	at javafx.graphics@20.0.2/com.sun.javafx.application.PlatformImpl.lambda$runAndWait$12(PlatformImpl.java:483)
	at javafx.graphics@20.0.2/com.sun.javafx.application.PlatformImpl.lambda$runLater$10(PlatformImpl.java:456)
	at java.base/java.security.AccessController.doPrivileged(AccessController.java:399)
	at javafx.graphics@20.0.2/com.sun.javafx.application.PlatformImpl.lambda$runLater$11(PlatformImpl.java:455)
	at javafx.graphics@20.0.2/com.sun.glass.ui.InvokeLaterDispatcher$Future.run(InvokeLaterDispatcher.java:95)
	at javafx.graphics@20.0.2/com.sun.glass.ui.win.WinApplication._runLoop(Native Method)
	at javafx.graphics@20.0.2/com.sun.glass.ui.win.WinApplication.lambda$runLoop$3(WinApplication.java:185)
	at java.base/java.lang.Thread.run(Thread.java:833)
Caused by: java.lang.reflect.InvocationTargetException: null
	at java.base/jdk.internal.reflect.DirectMethodHandleAccessor.invoke(DirectMethodHandleAccessor.java:116)
	at java.base/java.lang.reflect.Method.invoke(Method.java:577)
	at com.sun.javafx.reflect.Trampoline.invoke(MethodUtil.java:72)
	at java.base/jdk.internal.reflect.DirectMethodHandleAccessor.invoke(DirectMethodHandleAccessor.java:104)
	at java.base/java.lang.reflect.Method.invoke(Method.java:577)
	at javafx.base@20.0.2/com.sun.javafx.reflect.MethodUtil.invoke(MethodUtil.java:270)
	at javafx.fxml@20.0.2/com.sun.javafx.fxml.MethodHelper.invoke(MethodHelper.java:84)
	at javafx.fxml@20.0.2/javafx.fxml.FXMLLoader.loadImpl(FXMLLoader.java:2688)
	... 12 common frames omitted
Caused by: java.lang.NullPointerException: Cannot invoke "javafx.scene.control.Button.setOnAction(javafx.event.EventHandler)" because "this.btnPlay" is null
	at edu.vanier.selfdriving.controllers.FXMLMainAppController.initialize(FXMLMainAppController.java:20)
	at java.base/jdk.internal.reflect.DirectMethodHandleAccessor.invoke(DirectMethodHandleAccessor.java:104)
	... 19 common frames omitted
11:38:26.235  [INFO ] e.v.s.m.MainApp msg: Bootstrapping the application...
11:56:49.574  [INFO ] e.v.s.m.MainApp msg: Bootstrapping the application...
11:57:32.079  [INFO ] e.v.s.m.MainApp msg: Bootstrapping the application...
11:59:00.875  [INFO ] e.v.s.m.MainApp msg: Bootstrapping the application...
11:59:28.504  [INFO ] e.v.s.m.MainApp msg: Bootstrapping the application...
11:59:37.652  [INFO ] e.v.s.m.MainApp msg: Bootstrapping the application...
12:00:12.668  [INFO ] e.v.s.m.MainApp msg: Bootstrapping the application...
12:02:17.041  [INFO ] e.v.s.m.MainApp msg: Bootstrapping the application...
12:04:49.377  [INFO ] e.v.s.m.MainApp msg: Bootstrapping the application...
12:05:19.383  [INFO ] e.v.s.m.MainApp msg: Bootstrapping the application...
12:05:58.784  [INFO ] e.v.s.m.MainApp msg: Bootstrapping the application...
12:06:03.424  [INFO ] e.v.s.m.MainApp msg: Bootstrapping the application...
12:09:35.604  [INFO ] e.v.s.m.MainApp msg: Bootstrapping the application...
12:11:01.134  [INFO ] e.v.s.m.MainApp msg: Bootstrapping the application...
12:11:27.592  [INFO ] e.v.s.m.MainApp msg: Bootstrapping the application...
12:11:37.223  [INFO ] e.v.s.m.MainApp msg: Bootstrapping the application...
12:11:59.132  [INFO ] e.v.s.m.MainApp msg: Bootstrapping the application...
12:18:17.441  [INFO ] e.v.s.m.MainApp msg: Bootstrapping the application...
12:18:36.932  [INFO ] e.v.s.m.MainApp msg: Bootstrapping the application...
12:19:06.106  [INFO ] e.v.s.m.MainApp msg: Bootstrapping the application...
12:19:13.292  [INFO ] e.v.s.m.MainApp msg: Bootstrapping the application...
12:19:18.599  [INFO ] e.v.s.m.MainApp msg: Bootstrapping the application...
12:19:24.098  [INFO ] e.v.s.m.MainApp msg: Bootstrapping the application...
12:19:51.368  [INFO ] e.v.s.m.MainApp msg: Bootstrapping the application...
12:20:05.577  [INFO ] e.v.s.m.MainApp msg: Bootstrapping the application...
12:20:12.621  [INFO ] e.v.s.m.MainApp msg: Bootstrapping the application...
12:22:44.003  [INFO ] e.v.s.m.MainApp msg: Bootstrapping the application...
12:23:22.583  [INFO ] e.v.s.m.MainApp msg: Bootstrapping the application...
12:23:29.867  [INFO ] e.v.s.m.MainApp msg: Bootstrapping the application...
12:23:56.753  [INFO ] e.v.s.m.MainApp msg: Bootstrapping the application...
12:24:21.354  [INFO ] e.v.s.m.MainApp msg: Bootstrapping the application...
12:24:49.841  [INFO ] e.v.s.m.MainApp msg: Bootstrapping the application...
12:25:14.555  [INFO ] e.v.s.m.MainApp msg: Bootstrapping the application...
12:25:41.692  [INFO ] e.v.s.m.MainApp msg: Bootstrapping the application...
12:25:49.063  [INFO ] e.v.s.m.MainApp msg: Bootstrapping the application...
12:25:56.432  [INFO ] e.v.s.m.MainApp msg: Bootstrapping the application...
12:26:02.495  [INFO ] e.v.s.m.MainApp msg: Bootstrapping the application...
12:26:08.426  [INFO ] e.v.s.m.MainApp msg: Bootstrapping the application...
12:26:20.560  [INFO ] e.v.s.m.MainApp msg: Bootstrapping the application...
12:26:28.762  [INFO ] e.v.s.m.MainApp msg: Bootstrapping the application...
12:26:41.491  [INFO ] e.v.s.m.MainApp msg: Bootstrapping the application...
12:26:46.678  [INFO ] e.v.s.m.MainApp msg: Bootstrapping the application...
12:26:52.017  [INFO ] e.v.s.m.MainApp msg: Bootstrapping the application...
12:28:13.545  [INFO ] e.v.s.m.MainApp msg: Bootstrapping the application...
12:28:32.273  [INFO ] e.v.s.m.MainApp msg: Bootstrapping the application...
12:29:02.399  [INFO ] e.v.s.m.MainApp msg: Bootstrapping the application...
12:29:23.853  [INFO ] e.v.s.m.MainApp msg: Bootstrapping the application...
12:29:33.019  [INFO ] e.v.s.m.MainApp msg: Bootstrapping the application...
12:30:02.083  [INFO ] e.v.s.m.MainApp msg: Bootstrapping the application...
12:30:57.494  [INFO ] e.v.s.m.MainApp msg: Bootstrapping the application...
12:31:06.964  [INFO ] e.v.s.m.MainApp msg: Bootstrapping the application...
12:31:37.953  [INFO ] e.v.s.m.MainApp msg: Bootstrapping the application...
12:31:48.694  [INFO ] e.v.s.m.MainApp msg: Bootstrapping the application...
12:32:02.663  [INFO ] e.v.s.m.MainApp msg: Bootstrapping the application...
12:32:38.476  [INFO ] e.v.s.m.MainApp msg: Bootstrapping the application...
12:33:14.286  [INFO ] e.v.s.m.MainApp msg: Bootstrapping the application...
12:33:24.551  [INFO ] e.v.s.m.MainApp msg: Bootstrapping the application...
12:33:33.045  [INFO ] e.v.s.m.MainApp msg: Bootstrapping the application...
12:33:42.627  [INFO ] e.v.s.m.MainApp msg: Bootstrapping the application...
12:34:07.396  [INFO ] e.v.s.m.MainApp msg: Bootstrapping the application...
12:34:33.895  [INFO ] e.v.s.m.MainApp msg: Bootstrapping the application...
12:34:51.363  [INFO ] e.v.s.m.MainApp msg: Bootstrapping the application...
12:35:04.806  [INFO ] e.v.s.m.MainApp msg: Bootstrapping the application...
12:35:37.882  [INFO ] e.v.s.m.MainApp msg: Bootstrapping the application...
12:35:54.922  [INFO ] e.v.s.m.MainApp msg: Bootstrapping the application...
12:36:03.626  [INFO ] e.v.s.m.MainApp msg: Bootstrapping the application...
12:36:13.092  [INFO ] e.v.s.m.MainApp msg: Bootstrapping the application...
12:36:27.748  [INFO ] e.v.s.m.MainApp msg: Bootstrapping the application...
12:36:50.417  [INFO ] e.v.s.m.MainApp msg: Bootstrapping the application...
12:37:04.376  [INFO ] e.v.s.m.MainApp msg: Bootstrapping the application...
12:37:26.450  [INFO ] e.v.s.m.MainApp msg: Bootstrapping the application...
12:37:43.305  [INFO ] e.v.s.m.MainApp msg: Bootstrapping the application...
12:40:16.617  [INFO ] e.v.s.m.MainApp msg: Bootstrapping the application...
12:40:32.901  [INFO ] e.v.s.m.MainApp msg: Bootstrapping the application...
12:40:39.740  [INFO ] e.v.s.m.MainApp msg: Bootstrapping the application...
12:40:53.357  [INFO ] e.v.s.m.MainApp msg: Bootstrapping the application...
12:41:00.418  [INFO ] e.v.s.m.MainApp msg: Bootstrapping the application...
12:41:33.357  [INFO ] e.v.s.m.MainApp msg: Bootstrapping the application...
12:42:00.830  [INFO ] e.v.s.m.MainApp msg: Bootstrapping the application...
12:42:47.111  [INFO ] e.v.s.m.MainApp msg: Bootstrapping the application...
12:43:27.145  [INFO ] e.v.s.m.MainApp msg: Bootstrapping the application...
12:43:34.832  [INFO ] e.v.s.m.MainApp msg: Bootstrapping the application...
12:44:04.370  [INFO ] e.v.s.m.MainApp msg: Bootstrapping the application...
12:47:15.430  [INFO ] e.v.s.m.MainApp msg: Bootstrapping the application...
12:47:37.189  [INFO ] e.v.s.m.MainApp msg: Bootstrapping the application...
12:47:42.884  [INFO ] e.v.s.m.MainApp msg: Bootstrapping the application...
12:47:52.094  [INFO ] e.v.s.m.MainApp msg: Bootstrapping the application...
12:48:04.376  [INFO ] e.v.s.m.MainApp msg: Bootstrapping the application...
12:48:11.921  [INFO ] e.v.s.m.MainApp msg: Bootstrapping the application...
12:48:25.011  [INFO ] e.v.s.m.MainApp msg: Bootstrapping the application...
12:49:30.577  [INFO ] e.v.s.m.MainApp msg: Bootstrapping the application...
12:49:53.995  [INFO ] e.v.s.m.MainApp msg: Bootstrapping the application...
12:50:03.039  [INFO ] e.v.s.m.MainApp msg: Bootstrapping the application...
12:50:49.327  [INFO ] e.v.s.m.MainApp msg: Bootstrapping the application...
12:51:14.819  [INFO ] e.v.s.m.MainApp msg: Bootstrapping the application...
12:51:40.698  [INFO ] e.v.s.m.MainApp msg: Bootstrapping the application...
12:51:50.620  [INFO ] e.v.s.m.MainApp msg: Bootstrapping the application...
12:51:57.317  [INFO ] e.v.s.m.MainApp msg: Bootstrapping the application...
12:52:05.807  [INFO ] e.v.s.m.MainApp msg: Bootstrapping the application...
12:52:14.963  [INFO ] e.v.s.m.MainApp msg: Bootstrapping the application...
12:52:34.864  [INFO ] e.v.s.m.MainApp msg: Bootstrapping the application...
12:52:56.360  [INFO ] e.v.s.m.MainApp msg: Bootstrapping the application...
12:53:12.975  [INFO ] e.v.s.m.MainApp msg: Bootstrapping the application...
12:53:33.222  [INFO ] e.v.s.m.MainApp msg: Bootstrapping the application...
12:53:45.684  [INFO ] e.v.s.m.MainApp msg: Bootstrapping the application...
12:54:54.653  [INFO ] e.v.s.m.MainApp msg: Bootstrapping the application...
12:55:23.690  [INFO ] e.v.s.m.MainApp msg: Bootstrapping the application...
12:55:35.047  [INFO ] e.v.s.m.MainApp msg: Bootstrapping the application...
12:55:44.037  [INFO ] e.v.s.m.MainApp msg: Bootstrapping the application...
12:59:24.428  [INFO ] e.v.s.m.MainApp msg: Bootstrapping the application...
12:59:46.435  [INFO ] e.v.s.m.MainApp msg: Bootstrapping the application...
13:00:00.769  [INFO ] e.v.s.m.MainApp msg: Bootstrapping the application...
13:00:11.285  [INFO ] e.v.s.m.MainApp msg: Bootstrapping the application...
13:00:23.839  [INFO ] e.v.s.m.MainApp msg: Bootstrapping the application...
13:00:51.524  [INFO ] e.v.s.m.MainApp msg: Bootstrapping the application...
13:02:36.549  [INFO ] e.v.s.m.MainApp msg: Bootstrapping the application...
13:02:51.124  [INFO ] e.v.s.m.MainApp msg: Bootstrapping the application...
13:04:48.989  [INFO ] e.v.s.m.MainApp msg: Bootstrapping the application...
13:05:05.677  [INFO ] e.v.s.m.MainApp msg: Bootstrapping the application...
