12:48:14.048  [INFO ] e.v.s.m.MainApp msg: Bootstrapping the application...
12:48:14.190  [INFO ] e.v.s.c.FXMLMainAppController msg: Initializing MainAppController...
12:48:15.302  [INFO ] e.v.s.c.FXMLMainAppController msg: Click me button has been pressed...
<<<<<<< HEAD
13:02:45.745  [INFO ] e.v.s.m.MainApp msg: Bootstrapping the application...
13:02:45.892  [INFO ] e.v.s.c.FXMLMainAppController msg: Initializing MainAppController...
13:02:52.946  [INFO ] e.v.s.m.MainApp msg: Bootstrapping the application...
13:02:53.089  [INFO ] e.v.s.c.FXMLMainAppController msg: Initializing MainAppController...
13:28:45.532  [INFO ] e.v.s.m.MainApp msg: Bootstrapping the application...
13:28:45.672  [INFO ] e.v.s.c.FXMLMainAppController msg: Initializing MainAppController...
13:30:03.910  [INFO ] e.v.s.m.MainApp msg: Bootstrapping the application...
13:30:04.056  [INFO ] e.v.s.c.FXMLMainAppController msg: Initializing MainAppController...
13:30:14.636  [INFO ] e.v.s.m.MainApp msg: Bootstrapping the application...
13:30:14.777  [INFO ] e.v.s.c.FXMLMainAppController msg: Initializing MainAppController...
13:30:22.659  [INFO ] e.v.s.m.MainApp msg: Bootstrapping the application...
13:30:22.800  [INFO ] e.v.s.c.FXMLMainAppController msg: Initializing MainAppController...
13:51:20.733  [INFO ] e.v.s.m.MainApp msg: Bootstrapping the application...
13:51:20.873  [INFO ] e.v.s.c.FXMLMainAppController msg: Initializing MainAppController...
13:51:33.873  [INFO ] e.v.s.m.MainApp msg: Bootstrapping the application...
13:51:34.021  [INFO ] e.v.s.c.FXMLMainAppController msg: Initializing MainAppController...
13:51:44.803  [INFO ] e.v.s.m.MainApp msg: Bootstrapping the application...
13:51:44.948  [INFO ] e.v.s.c.FXMLMainAppController msg: Initializing MainAppController...
13:55:45.200  [INFO ] e.v.s.m.MainApp msg: Bootstrapping the application...
13:55:45.338  [INFO ] e.v.s.c.FXMLMainAppController msg: Initializing MainAppController...
=======
13:00:49.007  [INFO ] e.v.s.m.MainApp msg: Bootstrapping the application...
13:00:49.206  [INFO ] e.v.s.c.FXMLMainAppController msg: Initializing MainAppController...
13:51:10.686  [INFO ] e.v.s.m.MainApp msg: Bootstrapping the application...
13:51:10.825  [INFO ] e.v.s.c.FXMLMainAppController msg: Initializing MainAppController...
13:51:33.313  [INFO ] e.v.s.m.MainApp msg: Bootstrapping the application...
13:51:33.457  [INFO ] e.v.s.c.FXMLMainAppController msg: Initializing MainAppController...
14:04:41.359  [INFO ] e.v.s.m.MainApp msg: Bootstrapping the application...
14:04:41.501  [INFO ] e.v.s.c.FXMLMainAppController msg: Initializing MainAppController...
14:06:59.570  [INFO ] e.v.s.m.MainApp msg: Bootstrapping the application...
14:06:59.741  [INFO ] e.v.s.c.FXMLMainAppController msg: Initializing MainAppController...
>>>>>>> 4fc2267fb64a49f7acaa8f11a9442d6b49e17ea1
14:11:07.548  [INFO ] e.v.s.m.MainApp msg: Bootstrapping the application...
14:11:07.687  [INFO ] e.v.s.c.FXMLMainAppController msg: Initializing MainAppController...
